<?xml version="1.0" encoding="UTF-8"?>
<testsuite xmlns:xsi="http://www.w3.org/2001/XMLSchema-instance" xsi:noNamespaceSchemaLocation="https://maven.apache.org/surefire/maven-surefire-plugin/xsd/surefire-test-report-3.0.xsd" version="3.0" name="com.example.Erp.ModuleAggregateTest" time="0.03" tests="1" errors="0" skipped="0" failures="0">
  <properties>
    <property name="java.specification.version" value="17"/>
    <property name="sun.jnu.encoding" value="UTF-8"/>
    <property name="java.class.path" value="/home/asus/Bureau/workSpace/erp_project/microServiceProjet (1)/target/test-classes:/home/asus/Bureau/workSpace/erp_project/microServiceProjet (1)/target/classes:/home/asus/.m2/repository/org/springframework/boot/spring-boot-starter-data-jpa/3.0.5/spring-boot-starter-data-jpa-3.0.5.jar:/home/asus/.m2/repository/org/springframework/boot/spring-boot-starter-aop/3.0.5/spring-boot-starter-aop-3.0.5.jar:/home/asus/.m2/repository/org/springframework/spring-aop/6.0.7/spring-aop-6.0.7.jar:/home/asus/.m2/repository/org/aspectj/aspectjweaver/1.9.19/aspectjweaver-1.9.19.jar:/home/asus/.m2/repository/org/springframework/boot/spring-boot-starter-jdbc/3.0.5/spring-boot-starter-jdbc-3.0.5.jar:/home/asus/.m2/repository/com/zaxxer/HikariCP/5.0.1/HikariCP-5.0.1.jar:/home/asus/.m2/repository/org/springframework/spring-jdbc/6.0.7/spring-jdbc-6.0.7.jar:/home/asus/.m2/repository/org/hibernate/orm/hibernate-core/6.1.7.Final/hibernate-core-6.1.7.Final.jar:/home/asus/.m2/repository/jakarta/persistence/jakarta.persistence-api/3.1.0/jakarta.persistence-api-3.1.0.jar:/home/asus/.m2/repository/jakarta/transaction/jakarta.transaction-api/2.0.1/jakarta.transaction-api-2.0.1.jar:/home/asus/.m2/repository/org/hibernate/common/hibernate-commons-annotations/6.0.6.Final/hibernate-commons-annotations-6.0.6.Final.jar:/home/asus/.m2/repository/org/jboss/jandex/2.4.2.Final/jandex-2.4.2.Final.jar:/home/asus/.m2/repository/net/bytebuddy/byte-buddy/1.12.23/byte-buddy-1.12.23.jar:/home/asus/.m2/repository/org/glassfish/jaxb/jaxb-runtime/4.0.2/jaxb-runtime-4.0.2.jar:/home/asus/.m2/repository/org/glassfish/jaxb/jaxb-core/4.0.2/jaxb-core-4.0.2.jar:/home/asus/.m2/repository/org/eclipse/angus/angus-activation/2.0.0/angus-activation-2.0.0.jar:/home/asus/.m2/repository/org/glassfish/jaxb/txw2/4.0.2/txw2-4.0.2.jar:/home/asus/.m2/repository/com/sun/istack/istack-commons-runtime/4.1.1/istack-commons-runtime-4.1.1.jar:/home/asus/.m2/repository/jakarta/inject/jakarta.inject-api/2.0.0/jakarta.inject-api-2.0.0.jar:/home/asus/.m2/repository/org/antlr/antlr4-runtime/4.10.1/antlr4-runtime-4.10.1.jar:/home/asus/.m2/repository/org/springframework/data/spring-data-jpa/3.0.4/spring-data-jpa-3.0.4.jar:/home/asus/.m2/repository/org/springframework/data/spring-data-commons/3.0.4/spring-data-commons-3.0.4.jar:/home/asus/.m2/repository/org/springframework/spring-orm/6.0.7/spring-orm-6.0.7.jar:/home/asus/.m2/repository/org/springframework/spring-beans/6.0.7/spring-beans-6.0.7.jar:/home/asus/.m2/repository/jakarta/annotation/jakarta.annotation-api/2.1.1/jakarta.annotation-api-2.1.1.jar:/home/asus/.m2/repository/org/slf4j/slf4j-api/2.0.7/slf4j-api-2.0.7.jar:/home/asus/.m2/repository/org/springframework/spring-aspects/6.0.7/spring-aspects-6.0.7.jar:/home/asus/.m2/repository/org/springframework/boot/spring-boot-starter-web/3.0.5/spring-boot-starter-web-3.0.5.jar:/home/asus/.m2/repository/org/springframework/boot/spring-boot-starter/3.0.5/spring-boot-starter-3.0.5.jar:/home/asus/.m2/repository/org/springframework/boot/spring-boot/3.0.5/spring-boot-3.0.5.jar:/home/asus/.m2/repository/org/springframework/boot/spring-boot-autoconfigure/3.0.5/spring-boot-autoconfigure-3.0.5.jar:/home/asus/.m2/repository/org/springframework/boot/spring-boot-starter-logging/3.0.5/spring-boot-starter-logging-3.0.5.jar:/home/asus/.m2/repository/ch/qos/logback/logback-classic/1.4.6/logback-classic-1.4.6.jar:/home/asus/.m2/repository/ch/qos/logback/logback-core/1.4.6/logback-core-1.4.6.jar:/home/asus/.m2/repository/org/apache/logging/log4j/log4j-to-slf4j/2.19.0/log4j-to-slf4j-2.19.0.jar:/home/asus/.m2/repository/org/apache/logging/log4j/log4j-api/2.19.0/log4j-api-2.19.0.jar:/home/asus/.m2/repository/org/slf4j/jul-to-slf4j/2.0.7/jul-to-slf4j-2.0.7.jar:/home/asus/.m2/repository/org/yaml/snakeyaml/1.33/snakeyaml-1.33.jar:/home/asus/.m2/repository/org/springframework/boot/spring-boot-starter-json/3.0.5/spring-boot-starter-json-3.0.5.jar:/home/asus/.m2/repository/com/fasterxml/jackson/core/jackson-databind/2.14.2/jackson-databind-2.14.2.jar:/home/asus/.m2/repository/com/fasterxml/jackson/datatype/jackson-datatype-jdk8/2.14.2/jackson-datatype-jdk8-2.14.2.jar:/home/asus/.m2/repository/com/fasterxml/jackson/datatype/jackson-datatype-jsr310/2.14.2/jackson-datatype-jsr310-2.14.2.jar:/home/asus/.m2/repository/com/fasterxml/jackson/module/jackson-module-parameter-names/2.14.2/jackson-module-parameter-names-2.14.2.jar:/home/asus/.m2/repository/org/springframework/boot/spring-boot-starter-tomcat/3.0.5/spring-boot-starter-tomcat-3.0.5.jar:/home/asus/.m2/repository/org/apache/tomcat/embed/tomcat-embed-core/10.1.7/tomcat-embed-core-10.1.7.jar:/home/asus/.m2/repository/org/apache/tomcat/embed/tomcat-embed-el/10.1.7/tomcat-embed-el-10.1.7.jar:/home/asus/.m2/repository/org/apache/tomcat/embed/tomcat-embed-websocket/10.1.7/tomcat-embed-websocket-10.1.7.jar:/home/asus/.m2/repository/org/springframework/spring-web/6.0.7/spring-web-6.0.7.jar:/home/asus/.m2/repository/org/springframework/spring-webmvc/6.0.7/spring-webmvc-6.0.7.jar:/home/asus/.m2/repository/org/springframework/spring-expression/6.0.7/spring-expression-6.0.7.jar:/home/asus/.m2/repository/org/postgresql/postgresql/42.5.4/postgresql-42.5.4.jar:/home/asus/.m2/repository/org/checkerframework/checker-qual/3.5.0/checker-qual-3.5.0.jar:/home/asus/.m2/repository/org/projectlombok/lombok/1.18.26/lombok-1.18.26.jar:/home/asus/.m2/repository/org/springframework/boot/spring-boot-starter-test/3.0.5/spring-boot-starter-test-3.0.5.jar:/home/asus/.m2/repository/org/springframework/boot/spring-boot-test/3.0.5/spring-boot-test-3.0.5.jar:/home/asus/.m2/repository/org/springframework/boot/spring-boot-test-autoconfigure/3.0.5/spring-boot-test-autoconfigure-3.0.5.jar:/home/asus/.m2/repository/com/jayway/jsonpath/json-path/2.7.0/json-path-2.7.0.jar:/home/asus/.m2/repository/net/minidev/json-smart/2.4.10/json-smart-2.4.10.jar:/home/asus/.m2/repository/net/minidev/accessors-smart/2.4.9/accessors-smart-2.4.9.jar:/home/asus/.m2/repository/org/ow2/asm/asm/9.3/asm-9.3.jar:/home/asus/.m2/repository/jakarta/xml/bind/jakarta.xml.bind-api/4.0.0/jakarta.xml.bind-api-4.0.0.jar:/home/asus/.m2/repository/jakarta/activation/jakarta.activation-api/2.1.1/jakarta.activation-api-2.1.1.jar:/home/asus/.m2/repository/org/assertj/assertj-core/3.23.1/assertj-core-3.23.1.jar:/home/asus/.m2/repository/org/hamcrest/hamcrest/2.2/hamcrest-2.2.jar:/home/asus/.m2/repository/org/junit/jupiter/junit-jupiter/5.9.2/junit-jupiter-5.9.2.jar:/home/asus/.m2/repository/org/junit/jupiter/junit-jupiter-api/5.9.2/junit-jupiter-api-5.9.2.jar:/home/asus/.m2/repository/org/junit/jupiter/junit-jupiter-params/5.9.2/junit-jupiter-params-5.9.2.jar:/home/asus/.m2/repository/org/junit/jupiter/junit-jupiter-engine/5.9.2/junit-jupiter-engine-5.9.2.jar:/home/asus/.m2/repository/org/mockito/mockito-core/4.8.1/mockito-core-4.8.1.jar:/home/asus/.m2/repository/net/bytebuddy/byte-buddy-agent/1.12.23/byte-buddy-agent-1.12.23.jar:/home/asus/.m2/repository/org/objenesis/objenesis/3.2/objenesis-3.2.jar:/home/asus/.m2/repository/org/mockito/mockito-junit-jupiter/4.8.1/mockito-junit-jupiter-4.8.1.jar:/home/asus/.m2/repository/org/skyscreamer/jsonassert/1.5.1/jsonassert-1.5.1.jar:/home/asus/.m2/repository/com/vaadin/external/google/android-json/0.0.20131108.vaadin1/android-json-0.0.20131108.vaadin1.jar:/home/asus/.m2/repository/org/springframework/spring-core/6.0.7/spring-core-6.0.7.jar:/home/asus/.m2/repository/org/springframework/spring-jcl/6.0.7/spring-jcl-6.0.7.jar:/home/asus/.m2/repository/org/springframework/spring-test/6.0.7/spring-test-6.0.7.jar:/home/asus/.m2/repository/org/xmlunit/xmlunit-core/2.9.1/xmlunit-core-2.9.1.jar:/home/asus/.m2/repository/org/springframework/cloud/spring-cloud-starter-netflix-eureka-client/4.0.1/spring-cloud-starter-netflix-eureka-client-4.0.1.jar:/home/asus/.m2/repository/org/springframework/cloud/spring-cloud-starter/4.0.2/spring-cloud-starter-4.0.2.jar:/home/asus/.m2/repository/org/springframework/cloud/spring-cloud-context/4.0.2/spring-cloud-context-4.0.2.jar:/home/asus/.m2/repository/org/springframework/security/spring-security-crypto/6.0.2/spring-security-crypto-6.0.2.jar:/home/asus/.m2/repository/org/springframework/cloud/spring-cloud-commons/4.0.2/spring-cloud-commons-4.0.2.jar:/home/asus/.m2/repository/org/springframework/security/spring-security-rsa/1.0.11.RELEASE/spring-security-rsa-1.0.11.RELEASE.jar:/home/asus/.m2/repository/org/bouncycastle/bcpkix-jdk15on/1.69/bcpkix-jdk15on-1.69.jar:/home/asus/.m2/repository/org/bouncycastle/bcprov-jdk15on/1.69/bcprov-jdk15on-1.69.jar:/home/asus/.m2/repository/org/bouncycastle/bcutil-jdk15on/1.69/bcutil-jdk15on-1.69.jar:/home/asus/.m2/repository/org/springframework/cloud/spring-cloud-netflix-eureka-client/4.0.1/spring-cloud-netflix-eureka-client-4.0.1.jar:/home/asus/.m2/repository/org/apache/httpcomponents/client5/httpclient5/5.1.4/httpclient5-5.1.4.jar:/home/asus/.m2/repository/org/apache/httpcomponents/core5/httpcore5/5.1.5/httpcore5-5.1.5.jar:/home/asus/.m2/repository/org/apache/httpcomponents/core5/httpcore5-h2/5.1.5/httpcore5-h2-5.1.5.jar:/home/asus/.m2/repository/commons-codec/commons-codec/1.15/commons-codec-1.15.jar:/home/asus/.m2/repository/com/netflix/eureka/eureka-client/2.0.0/eureka-client-2.0.0.jar:/home/asus/.m2/repository/com/netflix/netflix-commons/netflix-eventbus/0.3.0/netflix-eventbus-0.3.0.jar:/home/asus/.m2/repository/com/netflix/netflix-commons/netflix-infix/0.3.0/netflix-infix-0.3.0.jar:/home/asus/.m2/repository/commons-jxpath/commons-jxpath/1.3/commons-jxpath-1.3.jar:/home/asus/.m2/repository/joda-time/joda-time/2.3/joda-time-2.3.jar:/home/asus/.m2/repository/javax/servlet/servlet-api/2.5/servlet-api-2.5.jar:/home/asus/.m2/repository/org/antlr/antlr-runtime/3.4/antlr-runtime-3.4.jar:/home/asus/.m2/repository/org/antlr/stringtemplate/3.2.1/stringtemplate-3.2.1.jar:/home/asus/.m2/repository/antlr/antlr/2.7.7/antlr-2.7.7.jar:/home/asus/.m2/repository/com/google/code/gson/gson/2.9.1/gson-2.9.1.jar:/home/asus/.m2/repository/org/apache/commons/commons-math/2.2/commons-math-2.2.jar:/home/asus/.m2/repository/com/thoughtworks/xstream/xstream/1.4.19/xstream-1.4.19.jar:/home/asus/.m2/repository/io/github/x-stream/mxparser/1.2.2/mxparser-1.2.2.jar:/home/asus/.m2/repository/xmlpull/xmlpull/1.1.3.1/xmlpull-1.1.3.1.jar:/home/asus/.m2/repository/com/netflix/archaius/archaius-core/0.7.6/archaius-core-0.7.6.jar:/home/asus/.m2/repository/jakarta/ws/rs/jakarta.ws.rs-api/3.1.0/jakarta.ws.rs-api-3.1.0.jar:/home/asus/.m2/repository/com/netflix/servo/servo-core/0.12.21/servo-core-0.12.21.jar:/home/asus/.m2/repository/org/apache/httpcomponents/httpclient/4.5.14/httpclient-4.5.14.jar:/home/asus/.m2/repository/org/apache/httpcomponents/httpcore/4.4.16/httpcore-4.4.16.jar:/home/asus/.m2/repository/commons-configuration/commons-configuration/1.10/commons-configuration-1.10.jar:/home/asus/.m2/repository/commons-lang/commons-lang/2.6/commons-lang-2.6.jar:/home/asus/.m2/repository/commons-logging/commons-logging/1.1.1/commons-logging-1.1.1.jar:/home/asus/.m2/repository/com/github/vlsi/compactmap/compactmap/2.0/compactmap-2.0.jar:/home/asus/.m2/repository/com/github/andrewoma/dexx/dexx-collections/0.2/dexx-collections-0.2.jar:/home/asus/.m2/repository/com/fasterxml/jackson/core/jackson-annotations/2.14.2/jackson-annotations-2.14.2.jar:/home/asus/.m2/repository/com/fasterxml/jackson/core/jackson-core/2.14.2/jackson-core-2.14.2.jar:/home/asus/.m2/repository/org/codehaus/jettison/jettison/1.4.0/jettison-1.4.0.jar:/home/asus/.m2/repository/com/netflix/eureka/eureka-core/2.0.0/eureka-core-2.0.0.jar:/home/asus/.m2/repository/jakarta/servlet/jakarta.servlet-api/6.0.0/jakarta.servlet-api-6.0.0.jar:/home/asus/.m2/repository/com/fasterxml/woodstox/woodstox-core/6.2.1/woodstox-core-6.2.1.jar:/home/asus/.m2/repository/org/codehaus/woodstox/stax2-api/4.2.1/stax2-api-4.2.1.jar:/home/asus/.m2/repository/org/springframework/cloud/spring-cloud-starter-loadbalancer/4.0.2/spring-cloud-starter-loadbalancer-4.0.2.jar:/home/asus/.m2/repository/org/springframework/cloud/spring-cloud-loadbalancer/4.0.2/spring-cloud-loadbalancer-4.0.2.jar:/home/asus/.m2/repository/io/projectreactor/reactor-core/3.5.4/reactor-core-3.5.4.jar:/home/asus/.m2/repository/io/projectreactor/addons/reactor-extra/3.5.1/reactor-extra-3.5.1.jar:/home/asus/.m2/repository/org/springframework/boot/spring-boot-starter-cache/3.0.5/spring-boot-starter-cache-3.0.5.jar:/home/asus/.m2/repository/org/springframework/spring-context-support/6.0.7/spring-context-support-6.0.7.jar:/home/asus/.m2/repository/com/stoyanr/evictor/1.0.0/evictor-1.0.0.jar:/home/asus/.m2/repository/com/google/guava/guava/31.0.1-jre/guava-31.0.1-jre.jar:/home/asus/.m2/repository/com/google/guava/failureaccess/1.0.1/failureaccess-1.0.1.jar:/home/asus/.m2/repository/com/google/guava/listenablefuture/9999.0-empty-to-avoid-conflict-with-guava/listenablefuture-9999.0-empty-to-avoid-conflict-with-guava.jar:/home/asus/.m2/repository/com/google/code/findbugs/jsr305/3.0.2/jsr305-3.0.2.jar:/home/asus/.m2/repository/com/google/errorprone/error_prone_annotations/2.7.1/error_prone_annotations-2.7.1.jar:/home/asus/.m2/repository/com/google/j2objc/j2objc-annotations/1.3/j2objc-annotations-1.3.jar:/home/asus/.m2/repository/org/axonframework/axon-spring-boot-starter/4.7.3/axon-spring-boot-starter-4.7.3.jar:/home/asus/.m2/repository/org/axonframework/axon-spring-boot-autoconfigure/4.7.3/axon-spring-boot-autoconfigure-4.7.3.jar:/home/asus/.m2/repository/org/axonframework/axon-spring/4.7.3/axon-spring-4.7.3.jar:/home/asus/.m2/repository/org/axonframework/axon-configuration/4.7.3/axon-configuration-4.7.3.jar:/home/asus/.m2/repository/org/axonframework/axon-disruptor/4.7.3/axon-disruptor-4.7.3.jar:/home/asus/.m2/repository/com/lmax/disruptor/3.4.4/disruptor-3.4.4.jar:/home/asus/.m2/repository/org/axonframework/axon-eventsourcing/4.7.3/axon-eventsourcing-4.7.3.jar:/home/asus/.m2/repository/org/axonframework/axon-modelling/4.7.3/axon-modelling-4.7.3.jar:/home/asus/.m2/repository/org/axonframework/axon-messaging/4.7.3/axon-messaging-4.7.3.jar:/home/asus/.m2/repository/org/reactivestreams/reactive-streams/1.0.4/reactive-streams-1.0.4.jar:/home/asus/.m2/repository/org/axonframework/axon-server-connector/4.7.3/axon-server-connector-4.7.3.jar:/home/asus/.m2/repository/io/axoniq/axonserver-connector-java/4.6.3/axonserver-connector-java-4.6.3.jar:/home/asus/.m2/repository/io/grpc/grpc-protobuf/1.50.2/grpc-protobuf-1.50.2.jar:/home/asus/.m2/repository/io/grpc/grpc-api/1.50.2/grpc-api-1.50.2.jar:/home/asus/.m2/repository/io/grpc/grpc-context/1.50.2/grpc-context-1.50.2.jar:/home/asus/.m2/repository/com/google/protobuf/protobuf-java/3.21.7/protobuf-java-3.21.7.jar:/home/asus/.m2/repository/com/google/api/grpc/proto-google-common-protos/2.9.0/proto-google-common-protos-2.9.0.jar:/home/asus/.m2/repository/io/grpc/grpc-protobuf-lite/1.50.2/grpc-protobuf-lite-1.50.2.jar:/home/asus/.m2/repository/io/grpc/grpc-stub/1.50.2/grpc-stub-1.50.2.jar:/home/asus/.m2/repository/io/grpc/grpc-netty/1.50.2/grpc-netty-1.50.2.jar:/home/asus/.m2/repository/io/grpc/grpc-core/1.50.2/grpc-core-1.50.2.jar:/home/asus/.m2/repository/com/google/android/annotations/4.1.1.4/annotations-4.1.1.4.jar:/home/asus/.m2/repository/org/codehaus/mojo/animal-sniffer-annotations/1.21/animal-sniffer-annotations-1.21.jar:/home/asus/.m2/repository/io/netty/netty-codec-http2/4.1.90.Final/netty-codec-http2-4.1.90.Final.jar:/home/asus/.m2/repository/io/netty/netty-common/4.1.90.Final/netty-common-4.1.90.Final.jar:/home/asus/.m2/repository/io/netty/netty-buffer/4.1.90.Final/netty-buffer-4.1.90.Final.jar:/home/asus/.m2/repository/io/netty/netty-transport/4.1.90.Final/netty-transport-4.1.90.Final.jar:/home/asus/.m2/repository/io/netty/netty-resolver/4.1.90.Final/netty-resolver-4.1.90.Final.jar:/home/asus/.m2/repository/io/netty/netty-codec/4.1.90.Final/netty-codec-4.1.90.Final.jar:/home/asus/.m2/repository/io/netty/netty-handler/4.1.90.Final/netty-handler-4.1.90.Final.jar:/home/asus/.m2/repository/io/netty/netty-codec-http/4.1.90.Final/netty-codec-http-4.1.90.Final.jar:/home/asus/.m2/repository/io/netty/netty-handler-proxy/4.1.90.Final/netty-handler-proxy-4.1.90.Final.jar:/home/asus/.m2/repository/io/netty/netty-codec-socks/4.1.90.Final/netty-codec-socks-4.1.90.Final.jar:/home/asus/.m2/repository/io/perfmark/perfmark-api/0.25.0/perfmark-api-0.25.0.jar:/home/asus/.m2/repository/io/netty/netty-transport-native-unix-common/4.1.90.Final/netty-transport-native-unix-common-4.1.90.Final.jar:/home/asus/.m2/repository/io/netty/netty-tcnative-boringssl-static/2.0.59.Final/netty-tcnative-boringssl-static-2.0.59.Final.jar:/home/asus/.m2/repository/io/netty/netty-tcnative-classes/2.0.59.Final/netty-tcnative-classes-2.0.59.Final.jar:/home/asus/.m2/repository/io/netty/netty-tcnative-boringssl-static/2.0.59.Final/netty-tcnative-boringssl-static-2.0.59.Final-linux-x86_64.jar:/home/asus/.m2/repository/io/netty/netty-tcnative-boringssl-static/2.0.59.Final/netty-tcnative-boringssl-static-2.0.59.Final-linux-aarch_64.jar:/home/asus/.m2/repository/io/netty/netty-tcnative-boringssl-static/2.0.59.Final/netty-tcnative-boringssl-static-2.0.59.Final-osx-x86_64.jar:/home/asus/.m2/repository/io/netty/netty-tcnative-boringssl-static/2.0.59.Final/netty-tcnative-boringssl-static-2.0.59.Final-osx-aarch_64.jar:/home/asus/.m2/repository/io/netty/netty-tcnative-boringssl-static/2.0.59.Final/netty-tcnative-boringssl-static-2.0.59.Final-windows-x86_64.jar:/home/asus/.m2/repository/org/axonframework/axon-test/4.7.3/axon-test-4.7.3.jar:/home/asus/.m2/repository/junit/junit/4.13.2/junit-4.13.2.jar:/home/asus/.m2/repository/org/hamcrest/hamcrest-core/2.2/hamcrest-core-2.2.jar:/home/asus/.m2/repository/org/hibernate/validator/hibernate-validator/8.0.0.Final/hibernate-validator-8.0.0.Final.jar:/home/asus/.m2/repository/jakarta/validation/jakarta.validation-api/3.0.2/jakarta.validation-api-3.0.2.jar:/home/asus/.m2/repository/org/jboss/logging/jboss-logging/3.5.0.Final/jboss-logging-3.5.0.Final.jar:/home/asus/.m2/repository/com/fasterxml/classmate/1.5.1/classmate-1.5.1.jar:/home/asus/.m2/repository/org/springframework/kafka/spring-kafka/3.0.6/spring-kafka-3.0.6.jar:/home/asus/.m2/repository/org/springframework/spring-context/6.0.7/spring-context-6.0.7.jar:/home/asus/.m2/repository/org/springframework/spring-messaging/6.0.7/spring-messaging-6.0.7.jar:/home/asus/.m2/repository/org/springframework/spring-tx/6.0.7/spring-tx-6.0.7.jar:/home/asus/.m2/repository/org/springframework/retry/spring-retry/2.0.1/spring-retry-2.0.1.jar:/home/asus/.m2/repository/org/apache/kafka/kafka-clients/3.3.2/kafka-clients-3.3.2.jar:/home/asus/.m2/repository/com/github/luben/zstd-jni/1.5.2-1/zstd-jni-1.5.2-1.jar:/home/asus/.m2/repository/org/lz4/lz4-java/1.8.0/lz4-java-1.8.0.jar:/home/asus/.m2/repository/org/xerial/snappy/snappy-java/1.1.8.4/snappy-java-1.1.8.4.jar:/home/asus/.m2/repository/io/micrometer/micrometer-observation/1.10.5/micrometer-observation-1.10.5.jar:/home/asus/.m2/repository/io/micrometer/micrometer-commons/1.10.5/micrometer-commons-1.10.5.jar:/home/asus/.m2/repository/org/junit/vintage/junit-vintage-engine/5.6.3/junit-vintage-engine-5.6.3.jar:/home/asus/.m2/repository/org/apiguardian/apiguardian-api/1.1.0/apiguardian-api-1.1.0.jar:/home/asus/.m2/repository/org/junit/platform/junit-platform-engine/1.9.2/junit-platform-engine-1.9.2.jar:/home/asus/.m2/repository/org/opentest4j/opentest4j/1.2.0/opentest4j-1.2.0.jar:/home/asus/.m2/repository/org/junit/platform/junit-platform-commons/1.9.2/junit-platform-commons-1.9.2.jar:"/>
    <property name="java.vm.vendor" value="Private Build"/>
    <property name="sun.arch.data.model" value="64"/>
    <property name="java.vendor.url" value="Unknown"/>
    <property name="user.timezone" value="Africa/Tunis"/>
    <property name="org.jboss.logging.provider" value="slf4j"/>
    <property name="os.name" value="Linux"/>
    <property name="java.vm.specification.version" value="17"/>
    <property name="sun.java.launcher" value="SUN_STANDARD"/>
    <property name="user.country" value="FR"/>
    <property name="sun.boot.library.path" value="/usr/lib/jvm/java-17-openjdk-amd64/lib"/>
    <property name="sun.java.command" value="/home/asus/Bureau/workSpace/erp_project/microServiceProjet (1)/target/surefire/surefirebooter-20230614050442579_3.jar /home/asus/Bureau/workSpace/erp_project/microServiceProjet (1)/target/surefire 2023-06-14T05-04-42_171-jvmRun1 surefire-20230614050442579_1tmp surefire_0-20230614050442579_2tmp"/>
    <property name="jdk.debug" value="release"/>
    <property name="surefire.test.class.path" value="/home/asus/Bureau/workSpace/erp_project/microServiceProjet (1)/target/test-classes:/home/asus/Bureau/workSpace/erp_project/microServiceProjet (1)/target/classes:/home/asus/.m2/repository/org/springframework/boot/spring-boot-starter-data-jpa/3.0.5/spring-boot-starter-data-jpa-3.0.5.jar:/home/asus/.m2/repository/org/springframework/boot/spring-boot-starter-aop/3.0.5/spring-boot-starter-aop-3.0.5.jar:/home/asus/.m2/repository/org/springframework/spring-aop/6.0.7/spring-aop-6.0.7.jar:/home/asus/.m2/repository/org/aspectj/aspectjweaver/1.9.19/aspectjweaver-1.9.19.jar:/home/asus/.m2/repository/org/springframework/boot/spring-boot-starter-jdbc/3.0.5/spring-boot-starter-jdbc-3.0.5.jar:/home/asus/.m2/repository/com/zaxxer/HikariCP/5.0.1/HikariCP-5.0.1.jar:/home/asus/.m2/repository/org/springframework/spring-jdbc/6.0.7/spring-jdbc-6.0.7.jar:/home/asus/.m2/repository/org/hibernate/orm/hibernate-core/6.1.7.Final/hibernate-core-6.1.7.Final.jar:/home/asus/.m2/repository/jakarta/persistence/jakarta.persistence-api/3.1.0/jakarta.persistence-api-3.1.0.jar:/home/asus/.m2/repository/jakarta/transaction/jakarta.transaction-api/2.0.1/jakarta.transaction-api-2.0.1.jar:/home/asus/.m2/repository/org/hibernate/common/hibernate-commons-annotations/6.0.6.Final/hibernate-commons-annotations-6.0.6.Final.jar:/home/asus/.m2/repository/org/jboss/jandex/2.4.2.Final/jandex-2.4.2.Final.jar:/home/asus/.m2/repository/net/bytebuddy/byte-buddy/1.12.23/byte-buddy-1.12.23.jar:/home/asus/.m2/repository/org/glassfish/jaxb/jaxb-runtime/4.0.2/jaxb-runtime-4.0.2.jar:/home/asus/.m2/repository/org/glassfish/jaxb/jaxb-core/4.0.2/jaxb-core-4.0.2.jar:/home/asus/.m2/repository/org/eclipse/angus/angus-activation/2.0.0/angus-activation-2.0.0.jar:/home/asus/.m2/repository/org/glassfish/jaxb/txw2/4.0.2/txw2-4.0.2.jar:/home/asus/.m2/repository/com/sun/istack/istack-commons-runtime/4.1.1/istack-commons-runtime-4.1.1.jar:/home/asus/.m2/repository/jakarta/inject/jakarta.inject-api/2.0.0/jakarta.inject-api-2.0.0.jar:/home/asus/.m2/repository/org/antlr/antlr4-runtime/4.10.1/antlr4-runtime-4.10.1.jar:/home/asus/.m2/repository/org/springframework/data/spring-data-jpa/3.0.4/spring-data-jpa-3.0.4.jar:/home/asus/.m2/repository/org/springframework/data/spring-data-commons/3.0.4/spring-data-commons-3.0.4.jar:/home/asus/.m2/repository/org/springframework/spring-orm/6.0.7/spring-orm-6.0.7.jar:/home/asus/.m2/repository/org/springframework/spring-beans/6.0.7/spring-beans-6.0.7.jar:/home/asus/.m2/repository/jakarta/annotation/jakarta.annotation-api/2.1.1/jakarta.annotation-api-2.1.1.jar:/home/asus/.m2/repository/org/slf4j/slf4j-api/2.0.7/slf4j-api-2.0.7.jar:/home/asus/.m2/repository/org/springframework/spring-aspects/6.0.7/spring-aspects-6.0.7.jar:/home/asus/.m2/repository/org/springframework/boot/spring-boot-starter-web/3.0.5/spring-boot-starter-web-3.0.5.jar:/home/asus/.m2/repository/org/springframework/boot/spring-boot-starter/3.0.5/spring-boot-starter-3.0.5.jar:/home/asus/.m2/repository/org/springframework/boot/spring-boot/3.0.5/spring-boot-3.0.5.jar:/home/asus/.m2/repository/org/springframework/boot/spring-boot-autoconfigure/3.0.5/spring-boot-autoconfigure-3.0.5.jar:/home/asus/.m2/repository/org/springframework/boot/spring-boot-starter-logging/3.0.5/spring-boot-starter-logging-3.0.5.jar:/home/asus/.m2/repository/ch/qos/logback/logback-classic/1.4.6/logback-classic-1.4.6.jar:/home/asus/.m2/repository/ch/qos/logback/logback-core/1.4.6/logback-core-1.4.6.jar:/home/asus/.m2/repository/org/apache/logging/log4j/log4j-to-slf4j/2.19.0/log4j-to-slf4j-2.19.0.jar:/home/asus/.m2/repository/org/apache/logging/log4j/log4j-api/2.19.0/log4j-api-2.19.0.jar:/home/asus/.m2/repository/org/slf4j/jul-to-slf4j/2.0.7/jul-to-slf4j-2.0.7.jar:/home/asus/.m2/repository/org/yaml/snakeyaml/1.33/snakeyaml-1.33.jar:/home/asus/.m2/repository/org/springframework/boot/spring-boot-starter-json/3.0.5/spring-boot-starter-json-3.0.5.jar:/home/asus/.m2/repository/com/fasterxml/jackson/core/jackson-databind/2.14.2/jackson-databind-2.14.2.jar:/home/asus/.m2/repository/com/fasterxml/jackson/datatype/jackson-datatype-jdk8/2.14.2/jackson-datatype-jdk8-2.14.2.jar:/home/asus/.m2/repository/com/fasterxml/jackson/datatype/jackson-datatype-jsr310/2.14.2/jackson-datatype-jsr310-2.14.2.jar:/home/asus/.m2/repository/com/fasterxml/jackson/module/jackson-module-parameter-names/2.14.2/jackson-module-parameter-names-2.14.2.jar:/home/asus/.m2/repository/org/springframework/boot/spring-boot-starter-tomcat/3.0.5/spring-boot-starter-tomcat-3.0.5.jar:/home/asus/.m2/repository/org/apache/tomcat/embed/tomcat-embed-core/10.1.7/tomcat-embed-core-10.1.7.jar:/home/asus/.m2/repository/org/apache/tomcat/embed/tomcat-embed-el/10.1.7/tomcat-embed-el-10.1.7.jar:/home/asus/.m2/repository/org/apache/tomcat/embed/tomcat-embed-websocket/10.1.7/tomcat-embed-websocket-10.1.7.jar:/home/asus/.m2/repository/org/springframework/spring-web/6.0.7/spring-web-6.0.7.jar:/home/asus/.m2/repository/org/springframework/spring-webmvc/6.0.7/spring-webmvc-6.0.7.jar:/home/asus/.m2/repository/org/springframework/spring-expression/6.0.7/spring-expression-6.0.7.jar:/home/asus/.m2/repository/org/postgresql/postgresql/42.5.4/postgresql-42.5.4.jar:/home/asus/.m2/repository/org/checkerframework/checker-qual/3.5.0/checker-qual-3.5.0.jar:/home/asus/.m2/repository/org/projectlombok/lombok/1.18.26/lombok-1.18.26.jar:/home/asus/.m2/repository/org/springframework/boot/spring-boot-starter-test/3.0.5/spring-boot-starter-test-3.0.5.jar:/home/asus/.m2/repository/org/springframework/boot/spring-boot-test/3.0.5/spring-boot-test-3.0.5.jar:/home/asus/.m2/repository/org/springframework/boot/spring-boot-test-autoconfigure/3.0.5/spring-boot-test-autoconfigure-3.0.5.jar:/home/asus/.m2/repository/com/jayway/jsonpath/json-path/2.7.0/json-path-2.7.0.jar:/home/asus/.m2/repository/net/minidev/json-smart/2.4.10/json-smart-2.4.10.jar:/home/asus/.m2/repository/net/minidev/accessors-smart/2.4.9/accessors-smart-2.4.9.jar:/home/asus/.m2/repository/org/ow2/asm/asm/9.3/asm-9.3.jar:/home/asus/.m2/repository/jakarta/xml/bind/jakarta.xml.bind-api/4.0.0/jakarta.xml.bind-api-4.0.0.jar:/home/asus/.m2/repository/jakarta/activation/jakarta.activation-api/2.1.1/jakarta.activation-api-2.1.1.jar:/home/asus/.m2/repository/org/assertj/assertj-core/3.23.1/assertj-core-3.23.1.jar:/home/asus/.m2/repository/org/hamcrest/hamcrest/2.2/hamcrest-2.2.jar:/home/asus/.m2/repository/org/junit/jupiter/junit-jupiter/5.9.2/junit-jupiter-5.9.2.jar:/home/asus/.m2/repository/org/junit/jupiter/junit-jupiter-api/5.9.2/junit-jupiter-api-5.9.2.jar:/home/asus/.m2/repository/org/junit/jupiter/junit-jupiter-params/5.9.2/junit-jupiter-params-5.9.2.jar:/home/asus/.m2/repository/org/junit/jupiter/junit-jupiter-engine/5.9.2/junit-jupiter-engine-5.9.2.jar:/home/asus/.m2/repository/org/mockito/mockito-core/4.8.1/mockito-core-4.8.1.jar:/home/asus/.m2/repository/net/bytebuddy/byte-buddy-agent/1.12.23/byte-buddy-agent-1.12.23.jar:/home/asus/.m2/repository/org/objenesis/objenesis/3.2/objenesis-3.2.jar:/home/asus/.m2/repository/org/mockito/mockito-junit-jupiter/4.8.1/mockito-junit-jupiter-4.8.1.jar:/home/asus/.m2/repository/org/skyscreamer/jsonassert/1.5.1/jsonassert-1.5.1.jar:/home/asus/.m2/repository/com/vaadin/external/google/android-json/0.0.20131108.vaadin1/android-json-0.0.20131108.vaadin1.jar:/home/asus/.m2/repository/org/springframework/spring-core/6.0.7/spring-core-6.0.7.jar:/home/asus/.m2/repository/org/springframework/spring-jcl/6.0.7/spring-jcl-6.0.7.jar:/home/asus/.m2/repository/org/springframework/spring-test/6.0.7/spring-test-6.0.7.jar:/home/asus/.m2/repository/org/xmlunit/xmlunit-core/2.9.1/xmlunit-core-2.9.1.jar:/home/asus/.m2/repository/org/springframework/cloud/spring-cloud-starter-netflix-eureka-client/4.0.1/spring-cloud-starter-netflix-eureka-client-4.0.1.jar:/home/asus/.m2/repository/org/springframework/cloud/spring-cloud-starter/4.0.2/spring-cloud-starter-4.0.2.jar:/home/asus/.m2/repository/org/springframework/cloud/spring-cloud-context/4.0.2/spring-cloud-context-4.0.2.jar:/home/asus/.m2/repository/org/springframework/security/spring-security-crypto/6.0.2/spring-security-crypto-6.0.2.jar:/home/asus/.m2/repository/org/springframework/cloud/spring-cloud-commons/4.0.2/spring-cloud-commons-4.0.2.jar:/home/asus/.m2/repository/org/springframework/security/spring-security-rsa/1.0.11.RELEASE/spring-security-rsa-1.0.11.RELEASE.jar:/home/asus/.m2/repository/org/bouncycastle/bcpkix-jdk15on/1.69/bcpkix-jdk15on-1.69.jar:/home/asus/.m2/repository/org/bouncycastle/bcprov-jdk15on/1.69/bcprov-jdk15on-1.69.jar:/home/asus/.m2/repository/org/bouncycastle/bcutil-jdk15on/1.69/bcutil-jdk15on-1.69.jar:/home/asus/.m2/repository/org/springframework/cloud/spring-cloud-netflix-eureka-client/4.0.1/spring-cloud-netflix-eureka-client-4.0.1.jar:/home/asus/.m2/repository/org/apache/httpcomponents/client5/httpclient5/5.1.4/httpclient5-5.1.4.jar:/home/asus/.m2/repository/org/apache/httpcomponents/core5/httpcore5/5.1.5/httpcore5-5.1.5.jar:/home/asus/.m2/repository/org/apache/httpcomponents/core5/httpcore5-h2/5.1.5/httpcore5-h2-5.1.5.jar:/home/asus/.m2/repository/commons-codec/commons-codec/1.15/commons-codec-1.15.jar:/home/asus/.m2/repository/com/netflix/eureka/eureka-client/2.0.0/eureka-client-2.0.0.jar:/home/asus/.m2/repository/com/netflix/netflix-commons/netflix-eventbus/0.3.0/netflix-eventbus-0.3.0.jar:/home/asus/.m2/repository/com/netflix/netflix-commons/netflix-infix/0.3.0/netflix-infix-0.3.0.jar:/home/asus/.m2/repository/commons-jxpath/commons-jxpath/1.3/commons-jxpath-1.3.jar:/home/asus/.m2/repository/joda-time/joda-time/2.3/joda-time-2.3.jar:/home/asus/.m2/repository/javax/servlet/servlet-api/2.5/servlet-api-2.5.jar:/home/asus/.m2/repository/org/antlr/antlr-runtime/3.4/antlr-runtime-3.4.jar:/home/asus/.m2/repository/org/antlr/stringtemplate/3.2.1/stringtemplate-3.2.1.jar:/home/asus/.m2/repository/antlr/antlr/2.7.7/antlr-2.7.7.jar:/home/asus/.m2/repository/com/google/code/gson/gson/2.9.1/gson-2.9.1.jar:/home/asus/.m2/repository/org/apache/commons/commons-math/2.2/commons-math-2.2.jar:/home/asus/.m2/repository/com/thoughtworks/xstream/xstream/1.4.19/xstream-1.4.19.jar:/home/asus/.m2/repository/io/github/x-stream/mxparser/1.2.2/mxparser-1.2.2.jar:/home/asus/.m2/repository/xmlpull/xmlpull/1.1.3.1/xmlpull-1.1.3.1.jar:/home/asus/.m2/repository/com/netflix/archaius/archaius-core/0.7.6/archaius-core-0.7.6.jar:/home/asus/.m2/repository/jakarta/ws/rs/jakarta.ws.rs-api/3.1.0/jakarta.ws.rs-api-3.1.0.jar:/home/asus/.m2/repository/com/netflix/servo/servo-core/0.12.21/servo-core-0.12.21.jar:/home/asus/.m2/repository/org/apache/httpcomponents/httpclient/4.5.14/httpclient-4.5.14.jar:/home/asus/.m2/repository/org/apache/httpcomponents/httpcore/4.4.16/httpcore-4.4.16.jar:/home/asus/.m2/repository/commons-configuration/commons-configuration/1.10/commons-configuration-1.10.jar:/home/asus/.m2/repository/commons-lang/commons-lang/2.6/commons-lang-2.6.jar:/home/asus/.m2/repository/commons-logging/commons-logging/1.1.1/commons-logging-1.1.1.jar:/home/asus/.m2/repository/com/github/vlsi/compactmap/compactmap/2.0/compactmap-2.0.jar:/home/asus/.m2/repository/com/github/andrewoma/dexx/dexx-collections/0.2/dexx-collections-0.2.jar:/home/asus/.m2/repository/com/fasterxml/jackson/core/jackson-annotations/2.14.2/jackson-annotations-2.14.2.jar:/home/asus/.m2/repository/com/fasterxml/jackson/core/jackson-core/2.14.2/jackson-core-2.14.2.jar:/home/asus/.m2/repository/org/codehaus/jettison/jettison/1.4.0/jettison-1.4.0.jar:/home/asus/.m2/repository/com/netflix/eureka/eureka-core/2.0.0/eureka-core-2.0.0.jar:/home/asus/.m2/repository/jakarta/servlet/jakarta.servlet-api/6.0.0/jakarta.servlet-api-6.0.0.jar:/home/asus/.m2/repository/com/fasterxml/woodstox/woodstox-core/6.2.1/woodstox-core-6.2.1.jar:/home/asus/.m2/repository/org/codehaus/woodstox/stax2-api/4.2.1/stax2-api-4.2.1.jar:/home/asus/.m2/repository/org/springframework/cloud/spring-cloud-starter-loadbalancer/4.0.2/spring-cloud-starter-loadbalancer-4.0.2.jar:/home/asus/.m2/repository/org/springframework/cloud/spring-cloud-loadbalancer/4.0.2/spring-cloud-loadbalancer-4.0.2.jar:/home/asus/.m2/repository/io/projectreactor/reactor-core/3.5.4/reactor-core-3.5.4.jar:/home/asus/.m2/repository/io/projectreactor/addons/reactor-extra/3.5.1/reactor-extra-3.5.1.jar:/home/asus/.m2/repository/org/springframework/boot/spring-boot-starter-cache/3.0.5/spring-boot-starter-cache-3.0.5.jar:/home/asus/.m2/repository/org/springframework/spring-context-support/6.0.7/spring-context-support-6.0.7.jar:/home/asus/.m2/repository/com/stoyanr/evictor/1.0.0/evictor-1.0.0.jar:/home/asus/.m2/repository/com/google/guava/guava/31.0.1-jre/guava-31.0.1-jre.jar:/home/asus/.m2/repository/com/google/guava/failureaccess/1.0.1/failureaccess-1.0.1.jar:/home/asus/.m2/repository/com/google/guava/listenablefuture/9999.0-empty-to-avoid-conflict-with-guava/listenablefuture-9999.0-empty-to-avoid-conflict-with-guava.jar:/home/asus/.m2/repository/com/google/code/findbugs/jsr305/3.0.2/jsr305-3.0.2.jar:/home/asus/.m2/repository/com/google/errorprone/error_prone_annotations/2.7.1/error_prone_annotations-2.7.1.jar:/home/asus/.m2/repository/com/google/j2objc/j2objc-annotations/1.3/j2objc-annotations-1.3.jar:/home/asus/.m2/repository/org/axonframework/axon-spring-boot-starter/4.7.3/axon-spring-boot-starter-4.7.3.jar:/home/asus/.m2/repository/org/axonframework/axon-spring-boot-autoconfigure/4.7.3/axon-spring-boot-autoconfigure-4.7.3.jar:/home/asus/.m2/repository/org/axonframework/axon-spring/4.7.3/axon-spring-4.7.3.jar:/home/asus/.m2/repository/org/axonframework/axon-configuration/4.7.3/axon-configuration-4.7.3.jar:/home/asus/.m2/repository/org/axonframework/axon-disruptor/4.7.3/axon-disruptor-4.7.3.jar:/home/asus/.m2/repository/com/lmax/disruptor/3.4.4/disruptor-3.4.4.jar:/home/asus/.m2/repository/org/axonframework/axon-eventsourcing/4.7.3/axon-eventsourcing-4.7.3.jar:/home/asus/.m2/repository/org/axonframework/axon-modelling/4.7.3/axon-modelling-4.7.3.jar:/home/asus/.m2/repository/org/axonframework/axon-messaging/4.7.3/axon-messaging-4.7.3.jar:/home/asus/.m2/repository/org/reactivestreams/reactive-streams/1.0.4/reactive-streams-1.0.4.jar:/home/asus/.m2/repository/org/axonframework/axon-server-connector/4.7.3/axon-server-connector-4.7.3.jar:/home/asus/.m2/repository/io/axoniq/axonserver-connector-java/4.6.3/axonserver-connector-java-4.6.3.jar:/home/asus/.m2/repository/io/grpc/grpc-protobuf/1.50.2/grpc-protobuf-1.50.2.jar:/home/asus/.m2/repository/io/grpc/grpc-api/1.50.2/grpc-api-1.50.2.jar:/home/asus/.m2/repository/io/grpc/grpc-context/1.50.2/grpc-context-1.50.2.jar:/home/asus/.m2/repository/com/google/protobuf/protobuf-java/3.21.7/protobuf-java-3.21.7.jar:/home/asus/.m2/repository/com/google/api/grpc/proto-google-common-protos/2.9.0/proto-google-common-protos-2.9.0.jar:/home/asus/.m2/repository/io/grpc/grpc-protobuf-lite/1.50.2/grpc-protobuf-lite-1.50.2.jar:/home/asus/.m2/repository/io/grpc/grpc-stub/1.50.2/grpc-stub-1.50.2.jar:/home/asus/.m2/repository/io/grpc/grpc-netty/1.50.2/grpc-netty-1.50.2.jar:/home/asus/.m2/repository/io/grpc/grpc-core/1.50.2/grpc-core-1.50.2.jar:/home/asus/.m2/repository/com/google/android/annotations/4.1.1.4/annotations-4.1.1.4.jar:/home/asus/.m2/repository/org/codehaus/mojo/animal-sniffer-annotations/1.21/animal-sniffer-annotations-1.21.jar:/home/asus/.m2/repository/io/netty/netty-codec-http2/4.1.90.Final/netty-codec-http2-4.1.90.Final.jar:/home/asus/.m2/repository/io/netty/netty-common/4.1.90.Final/netty-common-4.1.90.Final.jar:/home/asus/.m2/repository/io/netty/netty-buffer/4.1.90.Final/netty-buffer-4.1.90.Final.jar:/home/asus/.m2/repository/io/netty/netty-transport/4.1.90.Final/netty-transport-4.1.90.Final.jar:/home/asus/.m2/repository/io/netty/netty-resolver/4.1.90.Final/netty-resolver-4.1.90.Final.jar:/home/asus/.m2/repository/io/netty/netty-codec/4.1.90.Final/netty-codec-4.1.90.Final.jar:/home/asus/.m2/repository/io/netty/netty-handler/4.1.90.Final/netty-handler-4.1.90.Final.jar:/home/asus/.m2/repository/io/netty/netty-codec-http/4.1.90.Final/netty-codec-http-4.1.90.Final.jar:/home/asus/.m2/repository/io/netty/netty-handler-proxy/4.1.90.Final/netty-handler-proxy-4.1.90.Final.jar:/home/asus/.m2/repository/io/netty/netty-codec-socks/4.1.90.Final/netty-codec-socks-4.1.90.Final.jar:/home/asus/.m2/repository/io/perfmark/perfmark-api/0.25.0/perfmark-api-0.25.0.jar:/home/asus/.m2/repository/io/netty/netty-transport-native-unix-common/4.1.90.Final/netty-transport-native-unix-common-4.1.90.Final.jar:/home/asus/.m2/repository/io/netty/netty-tcnative-boringssl-static/2.0.59.Final/netty-tcnative-boringssl-static-2.0.59.Final.jar:/home/asus/.m2/repository/io/netty/netty-tcnative-classes/2.0.59.Final/netty-tcnative-classes-2.0.59.Final.jar:/home/asus/.m2/repository/io/netty/netty-tcnative-boringssl-static/2.0.59.Final/netty-tcnative-boringssl-static-2.0.59.Final-linux-x86_64.jar:/home/asus/.m2/repository/io/netty/netty-tcnative-boringssl-static/2.0.59.Final/netty-tcnative-boringssl-static-2.0.59.Final-linux-aarch_64.jar:/home/asus/.m2/repository/io/netty/netty-tcnative-boringssl-static/2.0.59.Final/netty-tcnative-boringssl-static-2.0.59.Final-osx-x86_64.jar:/home/asus/.m2/repository/io/netty/netty-tcnative-boringssl-static/2.0.59.Final/netty-tcnative-boringssl-static-2.0.59.Final-osx-aarch_64.jar:/home/asus/.m2/repository/io/netty/netty-tcnative-boringssl-static/2.0.59.Final/netty-tcnative-boringssl-static-2.0.59.Final-windows-x86_64.jar:/home/asus/.m2/repository/org/axonframework/axon-test/4.7.3/axon-test-4.7.3.jar:/home/asus/.m2/repository/junit/junit/4.13.2/junit-4.13.2.jar:/home/asus/.m2/repository/org/hamcrest/hamcrest-core/2.2/hamcrest-core-2.2.jar:/home/asus/.m2/repository/org/hibernate/validator/hibernate-validator/8.0.0.Final/hibernate-validator-8.0.0.Final.jar:/home/asus/.m2/repository/jakarta/validation/jakarta.validation-api/3.0.2/jakarta.validation-api-3.0.2.jar:/home/asus/.m2/repository/org/jboss/logging/jboss-logging/3.5.0.Final/jboss-logging-3.5.0.Final.jar:/home/asus/.m2/repository/com/fasterxml/classmate/1.5.1/classmate-1.5.1.jar:/home/asus/.m2/repository/org/springframework/kafka/spring-kafka/3.0.6/spring-kafka-3.0.6.jar:/home/asus/.m2/repository/org/springframework/spring-context/6.0.7/spring-context-6.0.7.jar:/home/asus/.m2/repository/org/springframework/spring-messaging/6.0.7/spring-messaging-6.0.7.jar:/home/asus/.m2/repository/org/springframework/spring-tx/6.0.7/spring-tx-6.0.7.jar:/home/asus/.m2/repository/org/springframework/retry/spring-retry/2.0.1/spring-retry-2.0.1.jar:/home/asus/.m2/repository/org/apache/kafka/kafka-clients/3.3.2/kafka-clients-3.3.2.jar:/home/asus/.m2/repository/com/github/luben/zstd-jni/1.5.2-1/zstd-jni-1.5.2-1.jar:/home/asus/.m2/repository/org/lz4/lz4-java/1.8.0/lz4-java-1.8.0.jar:/home/asus/.m2/repository/org/xerial/snappy/snappy-java/1.1.8.4/snappy-java-1.1.8.4.jar:/home/asus/.m2/repository/io/micrometer/micrometer-observation/1.10.5/micrometer-observation-1.10.5.jar:/home/asus/.m2/repository/io/micrometer/micrometer-commons/1.10.5/micrometer-commons-1.10.5.jar:/home/asus/.m2/repository/org/junit/vintage/junit-vintage-engine/5.6.3/junit-vintage-engine-5.6.3.jar:/home/asus/.m2/repository/org/apiguardian/apiguardian-api/1.1.0/apiguardian-api-1.1.0.jar:/home/asus/.m2/repository/org/junit/platform/junit-platform-engine/1.9.2/junit-platform-engine-1.9.2.jar:/home/asus/.m2/repository/org/opentest4j/opentest4j/1.2.0/opentest4j-1.2.0.jar:/home/asus/.m2/repository/org/junit/platform/junit-platform-commons/1.9.2/junit-platform-commons-1.9.2.jar:"/>
    <property name="sun.cpu.endian" value="little"/>
    <property name="user.home" value="/home/asus"/>
    <property name="user.language" value="fr"/>
    <property name="java.specification.vendor" value="Oracle Corporation"/>
    <property name="java.version.date" value="2023-04-18"/>
    <property name="java.home" value="/usr/lib/jvm/java-17-openjdk-amd64"/>
    <property name="file.separator" value="/"/>
    <property name="basedir" value="/home/asus/Bureau/workSpace/erp_project/microServiceProjet (1)"/>
    <property name="java.vm.compressedOopsMode" value="32-bit"/>
    <property name="line.separator" value="&#10;"/>
    <property name="java.specification.name" value="Java Platform API Specification"/>
    <property name="java.vm.specification.vendor" value="Oracle Corporation"/>
    <property name="FILE_LOG_CHARSET" value="UTF-8"/>
    <property name="java.awt.headless" value="true"/>
    <property name="surefire.real.class.path" value="/home/asus/Bureau/workSpace/erp_project/microServiceProjet (1)/target/surefire/surefirebooter-20230614050442579_3.jar"/>
    <property name="sun.management.compiler" value="HotSpot 64-Bit Tiered Compilers"/>
    <property name="java.runtime.version" value="17.0.7+7-Ubuntu-0ubuntu122.04.2"/>
    <property name="user.name" value="asus"/>
    <property name="path.separator" value=":"/>
    <property name="os.version" value="6.2.6-76060206-generic"/>
    <property name="java.runtime.name" value="OpenJDK Runtime Environment"/>
    <property name="file.encoding" value="UTF-8"/>
    <property name="java.vm.name" value="OpenJDK 64-Bit Server VM"/>
    <property name="localRepository" value="/home/asus/.m2/repository"/>
    <property name="java.vendor.url.bug" value="Unknown"/>
    <property name="java.io.tmpdir" value="/tmp"/>
    <property name="com.zaxxer.hikari.pool_number" value="1"/>
    <property name="java.version" value="17.0.7"/>
    <property name="user.dir" value="/home/asus/Bureau/workSpace/erp_project/microServiceProjet (1)"/>
    <property name="os.arch" value="amd64"/>
    <property name="java.vm.specification.name" value="Java Virtual Machine Specification"/>
    <property name="PID" value="24552"/>
    <property name="CONSOLE_LOG_CHARSET" value="UTF-8"/>
    <property name="native.encoding" value="UTF-8"/>
    <property name="java.library.path" value="/usr/java/packages/lib:/usr/lib/x86_64-linux-gnu/jni:/lib/x86_64-linux-gnu:/usr/lib/x86_64-linux-gnu:/usr/lib/jni:/lib:/usr/lib"/>
    <property name="java.vm.info" value="mixed mode, sharing"/>
    <property name="java.vendor" value="Private Build"/>
    <property name="java.vm.version" value="17.0.7+7-Ubuntu-0ubuntu122.04.2"/>
    <property name="sun.io.unicode.encoding" value="UnicodeLittle"/>
    <property name="java.class.version" value="61.0"/>
  </properties>
  <testcase name="testCreteModule" classname="com.example.Erp.ModuleAggregateTest" time="0.025"/>
</testsuite>